<?xml version="1.0" encoding="UTF-8"?>
<testng-results skipped="0" failed="0" ignored="0" total="1" passed="1">
  <reporter-output>
  </reporter-output>
  <suite name="Default suite" duration-ms="2791" started-at="2019-05-26T05:47:06Z" finished-at="2019-05-26T05:47:08Z">
    <groups>
    </groups>
    <test name="Default test" duration-ms="2791" started-at="2019-05-26T05:47:06Z" finished-at="2019-05-26T05:47:08Z">
      <class name="Authentication.premitive">
        <test-method status="PASS" signature="preauth()[pri:0, instance:Authentication.premitive@20e2cbe0]" name="preauth" duration-ms="2760" started-at="2019-05-26T05:47:06Z" finished-at="2019-05-26T05:47:08Z">
          <reporter-output>
          </reporter-output>
        </test-method> <!-- preauth -->
      </class> <!-- Authentication.premitive -->
    </test> <!-- Default test -->
  </suite> <!-- Default suite -->
</testng-results>
